{
  "RSpec": {
    "coverage": {
      "/Users/chad/Projects/uruut-dev/app/helpers/application_helper.rb": [
        1,
        null,
        1,
        0,
        null,
        null,
        1,
        10,
        null,
        null,
        9,
        9,
        null,
        0,
        null,
        null,
        null,
        null,
        1,
        9,
        null,
        null,
        1,
        11,
        null,
        null,
        1,
        203,
        0,
        null,
        203,
        null,
        null,
        null,
        1,
        0,
        0,
        null,
        0,
        null,
        null,
        null,
        1,
        0,
        0,
        0,
        0,
        0,
        null,
        0,
        null,
        0,
        null,
        0,
        null,
        null,
        null,
        null,
        null,
        1,
        17,
        17,
        17,
        0,
        null,
        17,
        17,
        17,
        null,
        null,
        1,
        8,
        8,
        8,
        0,
        null,
        8,
        8,
        null,
        null,
        1,
        0,
        0,
        0,
        0,
        0,
        null,
        null,
        null,
        null,
        0,
        null,
        null,
        null,
        null,
        1,
        0,
        0,
        null,
        null,
        1,
        0,
        0,
        null,
        null,
        1,
        0,
        0,
        null,
        null,
        1,
        0,
        0,
        null,
        null,
        1,
        0,
        null,
        null,
        1,
        0,
        0,
        0,
        0,
        0,
        null,
        0,
        null,
        0,
        null,
        0,
        null,
        null,
        0,
        null,
        null,
        null,
        null,
        null,
        null,
        0,
        0,
        0,
        null,
        0,
        null,
        0,
        null,
        null,
        1,
        0,
        0,
        null,
        0,
        0,
        null,
        null,
        null,
        1,
        0,
        0,
        null,
        0,
        0,
        null,
        0,
        null,
        null,
        1,
        35,
        7,
        28,
        7,
        1,
        null,
        6,
        null,
        21,
        7,
        1,
        null,
        6,
        null,
        14,
        7,
        1,
        null,
        6,
        null,
        7,
        7,
        1,
        null,
        6,
        null,
        null,
        null,
        null,
        1,
        0,
        null,
        null,
        1,
        0,
        null,
        null,
        1,
        0,
        0,
        null,
        0,
        null,
        0,
        null,
        null,
        1,
        0,
        0,
        null,
        null,
        1,
        0,
        null,
        null,
        1,
        7,
        0,
        null,
        7,
        null,
        null,
        null,
        1,
        0,
        0,
        null,
        0,
        null,
        null,
        null,
        1,
        0,
        null,
        null,
        1,
        0,
        null,
        null,
        null
      ],
      "/Users/chad/Projects/uruut-dev/app/models/merit/badge_rules.rb": [
        null,
        null,
        null,
        null,
        null,
        null,
        null,
        null,
        null,
        null,
        null,
        null,
        null,
        null,
        null,
        null,
        null,
        null,
        1,
        1,
        1,
        null,
        1,
        null,
        null,
        1,
        0,
        null,
        null,
        null,
        null,
        null,
        null,
        null,
        null,
        null,
        null,
        null,
        null,
        null,
        null,
        null,
        null,
        null,
        null,
        null,
        null,
        null,
        null
      ],
      "/Users/chad/Projects/uruut-dev/app/models/merit/point_rules.rb": [
        null,
        null,
        null,
        null,
        null,
        null,
        null,
        null,
        null,
        null,
        1,
        1,
        1,
        null,
        1,
        null,
        null,
        null,
        null,
        null,
        null,
        null,
        null,
        null,
        null,
        null,
        null,
        null
      ],
      "/Users/chad/Projects/uruut-dev/app/controllers/application_controller.rb": [
        1,
        1,
        1,
        1,
        1,
        null,
        null,
        null,
        null,
        1,
        0,
        null,
        0,
        0,
        0,
        0,
        null,
        0,
        null,
        null,
        null,
        1,
        47,
        47,
        47,
        47,
        null,
        null,
        null,
        1,
        47,
        null,
        null,
        1,
        47,
        null,
        null,
        1,
        0,
        0,
        null,
        null,
        1,
        0,
        null,
        null,
        1,
        0,
        null,
        null,
        1,
        null,
        1,
        7,
        null,
        null,
        1,
        9,
        null,
        null,
        1,
        0,
        0,
        0,
        null,
        null,
        1,
        null,
        1,
        47,
        null,
        45,
        45,
        null,
        null,
        null
      ],
      "/Users/chad/Projects/uruut-dev/app/helpers/devise_helper.rb": [
        1,
        null,
        1,
        0,
        0,
        null,
        null,
        null,
        1,
        0,
        null,
        0,
        null,
        null,
        null,
        null
      ],
      "/Users/chad/Projects/uruut-dev/app/helpers/donations_helper.rb": [
        1,
        null,
        1,
        0,
        null,
        null
      ],
      "/Users/chad/Projects/uruut-dev/app/helpers/identities_helper.rb": [
        1,
        null
      ],
      "/Users/chad/Projects/uruut-dev/app/helpers/mailer_helper.rb": [
        1,
        1,
        0,
        null,
        null
      ],
      "/Users/chad/Projects/uruut-dev/app/helpers/memberships_helper.rb": [
        1,
        null,
        1,
        0,
        null,
        null,
        1,
        0,
        null,
        null,
        1,
        0,
        null,
        null,
        1,
        0,
        null,
        0,
        null,
        0,
        null,
        0,
        null,
        null,
        null,
        1,
        0,
        null,
        0,
        null,
        0,
        null,
        0,
        null,
        null,
        null,
        1,
        0,
        null,
        0,
        null,
        0,
        null,
        null,
        null,
        1,
        0,
        null,
        0,
        null,
        0,
        null,
        null,
        null,
        null
      ],
      "/Users/chad/Projects/uruut-dev/app/helpers/navigation_helper.rb": [
        1,
        1,
        25,
        25,
        null,
        null
      ],
      "/Users/chad/Projects/uruut-dev/app/helpers/pages_helper.rb": [
        1,
        1,
        0,
        null,
        null
      ],
      "/Users/chad/Projects/uruut-dev/app/helpers/payment_helper.rb": [
        1,
        1,
        0,
        null,
        0,
        null,
        0,
        null,
        0,
        null,
        0,
        null,
        0,
        null,
        0,
        null,
        null,
        null
      ],
      "/Users/chad/Projects/uruut-dev/app/helpers/projects_helper.rb": [
        1,
        null,
        1,
        0,
        0,
        0,
        null,
        null,
        1,
        0,
        0,
        null,
        null,
        1,
        3,
        null,
        null,
        1,
        null,
        7,
        null,
        null,
        null,
        null,
        null,
        null,
        null,
        null,
        null,
        null,
        null,
        null,
        null,
        null,
        1,
        null,
        7,
        null,
        null,
        null,
        null,
        null,
        null,
        null,
        null,
        1,
        null,
        7,
        null,
        null,
        null,
        null,
        null,
        null,
        null,
        1,
        0,
        0,
        null,
        null,
        null,
        1,
        0,
        0,
        null,
        null,
        null,
        1,
        14,
        12,
        null,
        2,
        null,
        null,
        null,
        1,
        12,
        null,
        null,
        1,
        16,
        null,
        null,
        1,
        0,
        0,
        null,
        0,
        null,
        null,
        null,
        1,
        0,
        0,
        null,
        0,
        null,
        null,
        null,
        1,
        0,
        0,
        null,
        null,
        null,
        1,
        null,
        null,
        null,
        0,
        null,
        null,
        1,
        null,
        0,
        null,
        null,
        null
      ],
      "/Users/chad/Projects/uruut-dev/app/helpers/sponsors_helper.rb": [
        1,
        null,
        1,
        0,
        0,
        0,
        0,
        null,
        0,
        null,
        0,
        0,
        0,
        null,
        null,
        0,
        null,
        null,
        1,
        0,
        null,
        null,
        1,
        9,
        null,
        9,
        3,
        3,
        null,
        0,
        null,
        6,
        3,
        3,
        null,
        0,
        null,
        3,
        3,
        3,
        null,
        0,
        null,
        null,
        null,
        null,
        null,
        null
      ],
      "/Users/chad/Projects/uruut-dev/app/helpers/sponsors/dashboard_helper.rb": [
        1,
        null
      ],
      "/Users/chad/Projects/uruut-dev/app/helpers/users_helper.rb": [
        1,
        1,
        null,
        7,
        null,
        null,
        null,
        null,
        null,
        null,
        null,
        null,
        null,
        null,
        null,
        null,
        null,
        null,
        null,
        null,
        null,
        null,
        null,
        null,
        null,
        null,
        null,
        null,
        null,
        null,
        null,
        null,
        null,
        null,
        null,
        null,
        null,
        null,
        null,
        null,
        null,
        null,
        null,
        null,
        null,
        null,
        null,
        null,
        null,
        null,
        null,
        null,
        null,
        null,
        null,
        null,
        null,
        null,
        1,
        null,
        7,
        null,
        null,
        null,
        null,
        null,
        null,
        null,
        null,
        null,
        null,
        null,
        1,
        4,
        4,
        0,
        null,
        4,
        null,
        null,
        0,
        0,
        null,
        0,
        null,
        null,
        null,
        null,
        null
      ],
      "/Users/chad/Projects/uruut-dev/app/models/admin_user.rb": [
        1,
        null,
        null,
        1,
        null,
        null,
        null,
        1,
        null,
        null
      ],
      "/Users/chad/Projects/uruut-dev/app/admin/admin_user.rb": [
        1,
        1,
        0,
        0,
        0,
        0,
        0,
        null,
        null,
        1,
        null,
        1,
        0,
        0,
        0,
        0,
        null,
        0,
        null,
        null
      ],
      "/Users/chad/Projects/uruut-dev/app/admin/dashboard.rb": [
        1,
        null,
        1,
        null,
        1,
        0,
        0,
        0,
        0,
        null,
        null,
        null,
        null,
        null,
        null,
        null,
        null,
        null,
        null,
        null,
        null,
        null,
        null,
        null,
        null,
        null,
        null,
        null,
        null,
        null,
        null,
        null,
        1,
        0,
        0,
        0,
        0,
        0,
        0,
        0,
        null,
        null,
        null,
        null,
        null,
        0,
        0,
        0,
        0,
        null,
        null,
        null,
        null,
        null,
        0,
        0,
        0,
        0,
        0,
        0,
        null,
        0,
        0,
        0,
        0,
        null,
        0,
        0,
        0,
        0,
        null,
        null,
        null,
        null,
        null,
        null,
        null
      ],
      "/Users/chad/Projects/uruut-dev/app/admin/demo.rb": [
        1,
        1,
        null
      ],
      "/Users/chad/Projects/uruut-dev/app/models/demo.rb": [
        1,
        null,
        1,
        null,
        null,
        null,
        null,
        1,
        null,
        null,
        null,
        null,
        null,
        1,
        null,
        null,
        null,
        null,
        null,
        1,
        null,
        null,
        null,
        null,
        null,
        1,
        null,
        null,
        null,
        null,
        null,
        1,
        null,
        null,
        null,
        null,
        null,
        null,
        1,
        null,
        null,
        null,
        null,
        null,
        null,
        null,
        null,
        null,
        null,
        1,
        null,
        null,
        null,
        null,
        null,
        null,
        null,
        null,
        null,
        1,
        null,
        null,
        null,
        null,
        null,
        null,
        1,
        null,
        null,
        null,
        null,
        null,
        null,
        null,
        null,
        null,
        null,
        null,
        null,
        null,
        null,
        null,
        null,
        null,
        null,
        null,
        null,
        null,
        null,
        null,
        null,
        null,
        null,
        null,
        null,
        null,
        1,
        null,
        null,
        1,
        null,
        1,
        null,
        null,
        null,
        1,
        0,
        null,
        null,
        null,
        null,
        null,
        null,
        null,
        1,
        null,
        1,
        0,
        0,
        null,
        null,
        null,
        1,
        null,
        0,
        null,
        null,
        null,
        null,
        null,
        0,
        null,
        null,
        1,
        0,
        0,
        null,
        null,
        null,
        1,
        null,
        0,
        null,
        null,
        0,
        null,
        null,
        null
      ],
      "/Users/chad/Projects/uruut-dev/app/admin/membership.rb": [
        1,
        1,
        null,
        1,
        null,
        1,
        0,
        0,
        0,
        null,
        0,
        0,
        null,
        0,
        0,
        null,
        0,
        0,
        null,
        0,
        0,
        null,
        null,
        null,
        1,
        0,
        null,
        null,
        1,
        0,
        null,
        null,
        1,
        0,
        null,
        null,
        null
      ],
      "/Users/chad/Projects/uruut-dev/app/models/membership.rb": [
        1,
        1,
        1,
        1,
        null,
        1,
        3,
        null,
        null,
        1,
        3,
        null,
        null,
        1,
        2,
        2,
        2,
        null,
        null,
        null
      ],
      "/Users/chad/Projects/uruut-dev/app/admin/project.rb": [
        1,
        null,
        1,
        null,
        1,
        0,
        0,
        null,
        null,
        0,
        null,
        null,
        1,
        0,
        0,
        0,
        null,
        0,
        0,
        0,
        0,
        0,
        0,
        null,
        null,
        0,
        0,
        null,
        0,
        0,
        0,
        0,
        null,
        0,
        0,
        0,
        0,
        0,
        0,
        0,
        0,
        0,
        null,
        0,
        null,
        0,
        null,
        0,
        null,
        0,
        0,
        null,
        0,
        0,
        0,
        null,
        0,
        0,
        0,
        null,
        0,
        null,
        0,
        null,
        null,
        1,
        0,
        0,
        0,
        0,
        0,
        0,
        0,
        0,
        null,
        0,
        0,
        0,
        0,
        0,
        0,
        0,
        0,
        null,
        0,
        0,
        0,
        0,
        0,
        0,
        null,
        0,
        0,
        0,
        0,
        0,
        0,
        0,
        0,
        null,
        0,
        0,
        0,
        0,
        0,
        0,
        0,
        null,
        0,
        null,
        null,
        1,
        0,
        null,
        null,
        1,
        null,
        0,
        0,
        0,
        null,
        null,
        1,
        0,
        null,
        null
      ],
      "/Users/chad/Projects/uruut-dev/app/models/project.rb": [
        1,
        1,
        null,
        1,
        1,
        null,
        1,
        null,
        1,
        null,
        null,
        null,
        null,
        null,
        1,
        null,
        1,
        null,
        null,
        null,
        1,
        1,
        null,
        1,
        null,
        1,
        1,
        1,
        1,
        1,
        1,
        1,
        1,
        null,
        null,
        1,
        1,
        1,
        1,
        1,
        1,
        null,
        1,
        1,
        null,
        1,
        1,
        1,
        1,
        1,
        null,
        1,
        0,
        null,
        null,
        1,
        0,
        null,
        null,
        1,
        0,
        null,
        null,
        1,
        0,
        null,
        null,
        1,
        0,
        0,
        null,
        null,
        null,
        1,
        9,
        9,
        9,
        9,
        9,
        null,
        null,
        1,
        0,
        0,
        0,
        0,
        null,
        0,
        0,
        0,
        null,
        null,
        1,
        0,
        0,
        0,
        0,
        null,
        0,
        0,
        0,
        0,
        0,
        null,
        null,
        0,
        null,
        null,
        0,
        null,
        null,
        1,
        0,
        null,
        null,
        1,
        0,
        null,
        null,
        1,
        0,
        null,
        null,
        1,
        0,
        0,
        0,
        null,
        0,
        null,
        null,
        null,
        1,
        0,
        0,
        0,
        0,
        null,
        0,
        0,
        0,
        0,
        0,
        0,
        null,
        0,
        0,
        null,
        null,
        1,
        0,
        0,
        0,
        0,
        null,
        0,
        0,
        0,
        0,
        0,
        0,
        0,
        null,
        null,
        null,
        0,
        null,
        null,
        1,
        0,
        0,
        null,
        null,
        1,
        0,
        null,
        null,
        1,
        0,
        0,
        null,
        null,
        1,
        0,
        0,
        null,
        null,
        1,
        0,
        null,
        0,
        0,
        0,
        0,
        null,
        0,
        0,
        null,
        0,
        null,
        0,
        null,
        0,
        null,
        null,
        null,
        0,
        null,
        null,
        null,
        null,
        null,
        null,
        0,
        null,
        null,
        1,
        0,
        null,
        0,
        0,
        0,
        null,
        null,
        0,
        0,
        0,
        0,
        null,
        null,
        1,
        0,
        null,
        null,
        1,
        0,
        null,
        null,
        1,
        38,
        null,
        null,
        1,
        38,
        38,
        38,
        null,
        null,
        1,
        0,
        0,
        0,
        0,
        0,
        0,
        null,
        null,
        null,
        null,
        1,
        0,
        0,
        0,
        0,
        0,
        0,
        0,
        0,
        0,
        0,
        null,
        null,
        null,
        1,
        1,
        null,
        null,
        1,
        0,
        null,
        null,
        1,
        0,
        null,
        null,
        1,
        0,
        null,
        null,
        null,
        null,
        null,
        1,
        0,
        null,
        0,
        0,
        0,
        0,
        0,
        0,
        0,
        0,
        0,
        null,
        0,
        null,
        null,
        null,
        null,
        null,
        null,
        null,
        null,
        0,
        null,
        null,
        0,
        0,
        null,
        0,
        0,
        0,
        null,
        0,
        0,
        null,
        null,
        0,
        null,
        null,
        null,
        0,
        null,
        null,
        0,
        null,
        null,
        null,
        0,
        null,
        null,
        0,
        null,
        null,
        null,
        null,
        1,
        0,
        null,
        null,
        0,
        0,
        0,
        0,
        0,
        0,
        0,
        null,
        0,
        null,
        null,
        null,
        null,
        null,
        null,
        null,
        null,
        0,
        null,
        null,
        0,
        0,
        null,
        0,
        0,
        0,
        null,
        0,
        0,
        null,
        0,
        null,
        null,
        0,
        null,
        null,
        null,
        0,
        null,
        null,
        0,
        null,
        null,
        null,
        0,
        null,
        null,
        0,
        null,
        null,
        null,
        null,
        1,
        null,
        1,
        0,
        null,
        null,
        null
      ],
      "/Users/chad/Projects/uruut-dev/app/admin/user.rb": [
        1,
        1,
        null,
        1,
        0,
        0,
        0,
        0,
        0,
        null,
        null
      ],
      "/Users/chad/Projects/uruut-dev/app/models/user.rb": [
        1,
        null,
        null,
        null,
        1,
        null,
        null,
        null,
        1,
        null,
        null,
        null,
        1,
        null,
        1,
        null,
        null,
        1,
        1,
        1,
        1,
        null,
        null,
        1,
        null,
        1,
        null,
        1,
        1,
        null,
        null,
        null,
        1,
        1,
        1,
        null,
        1,
        1,
        null,
        1,
        null,
        1,
        null,
        null,
        1,
        null,
        1,
        0,
        null,
        1,
        null,
        null,
        null,
        1,
        0,
        null,
        null,
        1,
        0,
        0,
        0,
        0,
        0,
        0,
        0,
        null,
        null,
        null,
        null,
        null,
        null,
        null,
        null,
        null,
        null,
        0,
        0,
        null,
        null,
        0,
        null,
        null,
        0,
        null,
        null,
        1,
        0,
        0,
        0,
        0,
        0,
        null,
        null,
        1,
        0,
        0,
        0,
        0,
        0,
        null,
        null,
        0,
        null,
        null,
        null,
        1,
        0,
        0,
        null,
        0,
        0,
        0,
        null,
        0,
        0,
        null,
        null,
        null,
        1,
        0,
        null,
        null,
        1,
        0,
        null,
        null,
        1,
        4,
        null,
        null,
        1,
        2,
        null,
        null,
        1,
        0,
        0,
        null,
        null,
        1,
        0,
        0,
        0,
        0,
        0,
        0,
        0,
        0,
        null,
        0,
        0,
        0,
        0,
        null,
        0,
        0,
        0,
        0,
        null,
        0,
        0,
        null,
        0,
        0,
        null,
        0,
        null,
        null,
        1,
        0,
        0,
        0,
        0,
        0,
        0,
        null,
        null,
        1,
        0,
        0,
        null,
        null,
        1,
        0,
        null,
        null,
        1,
        0,
        null,
        null,
        1,
        0,
        null,
        null,
        1,
        0,
        0,
        null,
        0,
        null,
        null,
        null,
        1,
        null,
        1,
        20,
        null,
        null,
        null
      ],
      "/Users/chad/Projects/uruut-dev/app/models/comment.rb": [
        1,
        1,
        null,
        1,
        1,
        null
      ],
      "/Users/chad/Projects/uruut-dev/app/mailer_previews/contact_mailer_preview.rb": [
        1,
        1,
        0,
        null,
        null,
        null
      ],
      "/Users/chad/Projects/uruut-dev/app/mailer_previews/demo_request_mailer_preview.rb": [
        1,
        1,
        0,
        null,
        null,
        null
      ],
      "/Users/chad/Projects/uruut-dev/app/mailer_previews/donation_mailer_preview.rb": [
        1,
        1,
        0,
        null,
        null,
        null,
        1,
        0,
        null,
        null,
        null,
        1,
        0,
        null,
        null,
        null
      ],
      "/Users/chad/Projects/uruut-dev/app/mailer_previews/milestone_mailer_preview.rb": [
        1,
        1,
        0,
        null,
        null,
        null
      ],
      "/Users/chad/Projects/uruut-dev/app/mailer_previews/newsletter_mailer_preview.rb": [
        1,
        1,
        0,
        null,
        null,
        null
      ],
      "/Users/chad/Projects/uruut-dev/app/mailer_previews/project_mailer_preview.rb": [
        1,
        1,
        0,
        null,
        null,
        null,
        1,
        0,
        null,
        null,
        null,
        1,
        0,
        null,
        null,
        null
      ],
      "/Users/chad/Projects/uruut-dev/app/mailer_previews/question_mailer_preview.rb": [
        1,
        1,
        0,
        null,
        null,
        null
      ],
      "/Users/chad/Projects/uruut-dev/app/mailer_previews/sponsor_mailer_preview.rb": [
        1,
        1,
        0,
        null,
        null,
        null,
        1,
        0,
        null,
        null,
        null,
        1,
        0,
        null,
        null,
        null,
        1,
        0,
        null,
        null,
        null
      ],
      "/Users/chad/Projects/uruut-dev/app/mailer_previews/welcome_mailer_preview.rb": [
        1,
        1,
        0,
        null,
        null,
        null,
        1,
        0,
        null,
        null,
        1,
        0,
        null,
        null,
        1,
        null,
        0,
        0,
        null,
        null,
        null
      ],
      "/Users/chad/Projects/uruut-dev/app/controllers/admin_controller.rb": [
        1,
        null,
        null,
        1,
        1,
        1,
        null,
        1,
        0,
        null,
        null,
        1,
        0,
        0,
        0,
        0,
        null,
        0,
        null,
        0,
        0,
        null,
        null,
        null,
        1,
        0,
        0,
        null,
        null,
        1,
        0,
        null,
        null,
        null,
        null,
        null,
        null,
        null,
        null,
        null,
        null
      ],
      "/Users/chad/Projects/uruut-dev/app/controllers/authentications_controller.rb": [
        1,
        1,
        null,
        1,
        null,
        null,
        1,
        null,
        null,
        1,
        null,
        null,
        1,
        0,
        0,
        null,
        0,
        0,
        0,
        0,
        0,
        0,
        null,
        0,
        0,
        0,
        null,
        null,
        0,
        0,
        null,
        null,
        null
      ],
      "/Users/chad/Projects/uruut-dev/app/models/authentication.rb": [
        1,
        1,
        1,
        null
      ],
      "/Users/chad/Projects/uruut-dev/app/controllers/comments_controller.rb": [
        1,
        1,
        null,
        0,
        0,
        0,
        0,
        0,
        0,
        null,
        0,
        null,
        null,
        null
      ],
      "/Users/chad/Projects/uruut-dev/app/controllers/demo_request_controller.rb": [
        1,
        1,
        null,
        1,
        0,
        0,
        0,
        null,
        0,
        null,
        null,
        null,
        1,
        0,
        0,
        0,
        null,
        0,
        null,
        null,
        null,
        1,
        0,
        null,
        null,
        1,
        0,
        0,
        0,
        null,
        0,
        null,
        null,
        null,
        1,
        0,
        null,
        null,
        1,
        0,
        0,
        0,
        0,
        null,
        0,
        null,
        null,
        null,
        1,
        null,
        null,
        1,
        0,
        null,
        null
      ],
      "/Users/chad/Projects/uruut-dev/app/controllers/donation_steps_controller.rb": [
        1,
        1,
        1,
        1,
        null,
        1,
        3,
        3,
        3,
        3,
        3,
        3,
        null,
        3,
        3,
        3,
        null,
        3,
        3,
        null,
        0,
        null,
        null,
        0,
        0,
        0,
        0,
        0,
        null,
        0,
        null,
        null,
        null,
        3,
        null,
        null,
        null,
        null,
        null,
        null,
        null,
        null,
        null,
        null,
        3,
        null,
        0,
        null,
        3,
        null,
        null,
        1,
        1,
        1,
        1,
        0,
        0,
        0,
        null,
        0,
        0,
        0,
        0,
        null,
        0,
        0,
        null,
        0,
        null,
        1,
        null,
        null,
        null,
        1,
        null,
        1,
        6,
        null,
        null,
        null
      ],
      "/Users/chad/Projects/uruut-dev/app/controllers/donations_controller.rb": [
        1,
        null,
        1,
        1,
        1,
        1,
        1,
        null,
        1,
        0,
        0,
        0,
        0,
        0,
        0,
        0,
        0,
        null,
        null,
        1,
        3,
        3,
        3,
        3,
        3,
        3,
        3,
        0,
        0,
        null,
        3,
        3,
        3,
        3,
        null,
        3,
        null,
        null,
        1,
        0,
        0,
        0,
        0,
        0,
        0,
        0,
        null,
        0,
        0,
        0,
        0,
        0,
        null,
        0,
        0,
        0,
        0,
        0,
        0,
        null,
        0,
        null,
        0,
        0,
        null,
        null,
        0,
        0,
        0,
        0,
        null,
        0,
        null,
        0,
        null,
        0,
        null,
        0,
        0,
        0,
        0,
        null,
        null,
        null,
        1,
        2,
        2,
        null,
        0,
        null,
        2,
        2,
        2,
        2,
        null,
        2,
        2,
        null,
        2,
        2,
        2,
        2,
        2,
        null,
        0,
        null,
        null,
        null,
        null,
        1,
        0,
        0,
        0,
        0,
        0,
        0,
        0,
        null,
        null,
        0,
        0,
        null,
        null,
        1,
        0,
        0,
        0,
        0,
        0,
        null,
        0,
        null,
        0,
        null,
        null,
        1,
        0,
        0,
        0,
        0,
        0,
        0,
        0,
        0,
        0,
        0,
        null,
        0,
        0,
        null,
        0,
        null,
        null,
        1,
        0,
        0,
        0,
        0,
        null,
        null,
        null,
        1,
        0,
        0,
        0,
        null,
        null,
        1,
        0,
        0,
        null,
        null,
        1,
        null,
        1,
        5,
        null,
        null,
        1,
        5,
        null,
        null,
        null
      ],
      "/Users/chad/Projects/uruut-dev/app/models/donation.rb": [
        1,
        1,
        null,
        1,
        null,
        1,
        1,
        null,
        47,
        1,
        1,
        1,
        1,
        null,
        1,
        1,
        1,
        1,
        0,
        0,
        0,
        null,
        null,
        1,
        1,
        1,
        null,
        null,
        1,
        3,
        null,
        3,
        15,
        3,
        3,
        null,
        0,
        null,
        null,
        null,
        null,
        3,
        null,
        null,
        null,
        1,
        null,
        3,
        3,
        3,
        15,
        null,
        null,
        3,
        0,
        null,
        3,
        null,
        null,
        null,
        0,
        0,
        null,
        0,
        0,
        null,
        null,
        3,
        null,
        null,
        1,
        3,
        0,
        null,
        0,
        null,
        3,
        null,
        3,
        null,
        null,
        1,
        3,
        0,
        null,
        3,
        null,
        3,
        null,
        null,
        null,
        null,
        1,
        0,
        0,
        0,
        0,
        null,
        0,
        null,
        0,
        null,
        null,
        null,
        null,
        1,
        0,
        0,
        null,
        null,
        0,
        null,
        null,
        null,
        1,
        0,
        0,
        null,
        null,
        1,
        0,
        null,
        null,
        1,
        0,
        null,
        0,
        0,
        0,
        0,
        null,
        0,
        null,
        0,
        null,
        0,
        null,
        0,
        0,
        0,
        0,
        0,
        null,
        null,
        0,
        0,
        0,
        null,
        0,
        0,
        null,
        0,
        0,
        0,
        0,
        null,
        null,
        null,
        null,
        0,
        null,
        null,
        null,
        null,
        0,
        null,
        null,
        null,
        null
      ],
      "/Users/chad/Projects/uruut-dev/app/controllers/galleries_controller.rb": [
        1,
        1,
        0,
        0,
        0,
        null,
        null,
        1,
        0,
        0,
        null,
        0,
        null,
        null,
        1,
        0,
        0,
        0,
        0,
        0,
        null,
        0,
        0,
        0,
        0,
        0,
        null,
        0,
        null,
        null,
        null,
        null,
        null,
        0,
        0,
        null,
        null,
        0,
        null,
        null,
        null
      ],
      "/Users/chad/Projects/uruut-dev/app/models/gallery.rb": [
        1,
        1,
        1,
        null,
        1,
        null
      ],
      "/Users/chad/Projects/uruut-dev/app/controllers/identities_controller.rb": [
        1,
        1,
        null,
        null
      ],
      "/Users/chad/Projects/uruut-dev/app/models/identity.rb": [
        1,
        1,
        null
      ],
      "/Users/chad/Projects/uruut-dev/app/controllers/marketing_infos_controller.rb": [
        1,
        null,
        1,
        0,
        0,
        0,
        0,
        0,
        null,
        0,
        null,
        null,
        null,
        null
      ],
      "/Users/chad/Projects/uruut-dev/app/models/marketing_info.rb": [
        1,
        1,
        1,
        null,
        1,
        null,
        1,
        null,
        null
      ],
      "/Users/chad/Projects/uruut-dev/app/controllers/memberships_controller.rb": [
        1,
        null,
        1,
        1,
        null,
        1,
        0,
        0,
        null,
        0,
        0,
        0,
        null,
        0,
        0,
        null,
        null,
        null,
        1,
        null,
        null,
        1,
        0,
        null,
        0,
        0,
        null,
        0,
        null,
        null,
        null,
        null,
        1,
        null,
        1,
        0,
        null,
        null
      ],
      "/Users/chad/Projects/uruut-dev/app/controllers/newsletters_controller.rb": [
        1,
        null,
        1,
        0,
        null,
        0,
        0,
        null,
        null,
        0,
        null,
        null,
        null
      ],
      "/Users/chad/Projects/uruut-dev/app/models/newsletter.rb": [
        1,
        1,
        null,
        1,
        1,
        null,
        null
      ],
      "/Users/chad/Projects/uruut-dev/app/controllers/pages_controller.rb": [
        1,
        1,
        1,
        null,
        null,
        1,
        1,
        1,
        null,
        1,
        0,
        0,
        null,
        null,
        1,
        0,
        0,
        null,
        null,
        1,
        0,
        null,
        null,
        1,
        0,
        0,
        null,
        null,
        1,
        0,
        0,
        0,
        null,
        null,
        1,
        0,
        null,
        null,
        1,
        0,
        null,
        null,
        1,
        null,
        null,
        1,
        0,
        null,
        null,
        1,
        0,
        0,
        0,
        0,
        null,
        0,
        0,
        null,
        null,
        1,
        null,
        null,
        null,
        1,
        0,
        0,
        null,
        null,
        1,
        0,
        0,
        null,
        null,
        1,
        1,
        0,
        null,
        0,
        null,
        null,
        null,
        null,
        null,
        null,
        0,
        0,
        null,
        null,
        0,
        null,
        null,
        0,
        null,
        0,
        null,
        null,
        0,
        null,
        null,
        1,
        null,
        1,
        2,
        0,
        null,
        2,
        null,
        null,
        null,
        null
      ],
      "/Users/chad/Projects/uruut-dev/app/controllers/payment_methods_controller.rb": [
        1,
        null,
        1,
        1,
        1,
        null,
        1,
        0,
        0,
        0,
        0,
        0,
        0,
        null,
        null,
        null,
        1,
        null,
        null,
        1,
        0,
        0,
        0,
        null,
        0,
        0,
        0,
        0,
        0,
        null,
        0,
        null,
        0,
        0,
        0,
        null,
        null,
        null,
        1,
        0,
        null,
        0,
        0,
        null,
        0,
        null,
        null,
        0,
        null,
        null,
        1,
        null,
        1,
        0,
        0,
        null,
        null,
        1,
        0,
        0,
        null,
        null,
        null
      ],
      "/Users/chad/Projects/uruut-dev/app/controllers/payments_controller.rb": [
        1,
        null,
        1,
        1,
        1,
        1,
        1,
        null,
        1,
        null,
        null,
        null,
        null
      ],
      "/Users/chad/Projects/uruut-dev/app/controllers/posts_controller.rb": [
        1,
        null,
        1,
        0,
        0,
        0,
        0,
        0,
        0,
        null,
        0,
        null,
        null,
        null,
        1,
        0,
        0,
        null,
        null
      ],
      "/Users/chad/Projects/uruut-dev/app/models/post.rb": [
        1,
        1,
        null,
        1,
        1,
        null
      ],
      "/Users/chad/Projects/uruut-dev/app/controllers/press_coverages_controller.rb": [
        1,
        1,
        null,
        null,
        1,
        0,
        null,
        null,
        1,
        0,
        null,
        null,
        1,
        0,
        null,
        null,
        1,
        0,
        null,
        0,
        0,
        0,
        null,
        null,
        null,
        null,
        1,
        null,
        null,
        1,
        null,
        null,
        1,
        0,
        0,
        0,
        null,
        null,
        null,
        null,
        null,
        null,
        null,
        null,
        null,
        null
      ],
      "/Users/chad/Projects/uruut-dev/app/models/press_coverage.rb": [
        1,
        1,
        null
      ],
      "/Users/chad/Projects/uruut-dev/app/controllers/press_releases_controller.rb": [
        1,
        1,
        null,
        null,
        1,
        0,
        null,
        null,
        1,
        0,
        null,
        null,
        1,
        0,
        null,
        null,
        1,
        0,
        null,
        0,
        0,
        0,
        null,
        null,
        null,
        null,
        1,
        null,
        null,
        1,
        null,
        null,
        1,
        0,
        0,
        0,
        null,
        null,
        null,
        null,
        null,
        null,
        null,
        null,
        null,
        null,
        null
      ],
      "/Users/chad/Projects/uruut-dev/app/models/press_release.rb": [
        1,
        1,
        null
      ],
      "/Users/chad/Projects/uruut-dev/app/controllers/project_admin/documents_controller.rb": [
        1,
        1,
        null,
        1,
        0,
        0,
        null,
        null,
        1,
        0,
        null,
        null,
        1,
        0,
        0,
        null,
        null,
        1,
        null,
        1,
        0,
        null,
        null,
        1,
        0,
        0,
        null,
        null,
        null,
        null
      ],
      "/Users/chad/Projects/uruut-dev/app/models/document.rb": [
        1,
        1,
        1,
        null
      ],
      "/Users/chad/Projects/uruut-dev/app/controllers/project_admin/projects_controller.rb": [
        1,
        1,
        1,
        1,
        null,
        null,
        1,
        1,
        1,
        null,
        1,
        0,
        null,
        null,
        1,
        0,
        0,
        0,
        null,
        0,
        0,
        0,
        null,
        null,
        null,
        1,
        0,
        0,
        0,
        null,
        0,
        0,
        0,
        null,
        null,
        null,
        1,
        null,
        1,
        0,
        null,
        null,
        1,
        null,
        1,
        null,
        1,
        0,
        0,
        null,
        null,
        1,
        0,
        0,
        0,
        0,
        null,
        null,
        1,
        0,
        null,
        null,
        1,
        null,
        1,
        0,
        null,
        0,
        0,
        0,
        null,
        0,
        0,
        null,
        0,
        null,
        0,
        null,
        null,
        null,
        1,
        0,
        null,
        0,
        0,
        0,
        null,
        0,
        0,
        0,
        0,
        0,
        null,
        null,
        null,
        null,
        1,
        0,
        0,
        0,
        0,
        0,
        null,
        0,
        null,
        null,
        1,
        0,
        0,
        null,
        0,
        0,
        0,
        null,
        0,
        null,
        0,
        null,
        0,
        null,
        0,
        0,
        null,
        0,
        0,
        null,
        null,
        null,
        0,
        0,
        null,
        null,
        1,
        0,
        null,
        null,
        1,
        0,
        0,
        0,
        null,
        null,
        null,
        1,
        null,
        1,
        0,
        0,
        null,
        null,
        1,
        0,
        0,
        0,
        null,
        null,
        1,
        0,
        0,
        0,
        null,
        null,
        1,
        0,
        0,
        0,
        null,
        null,
        null,
        null
      ],
      "/Users/chad/Projects/uruut-dev/app/controllers/project_admin/xls_controller.rb": [
        1,
        1,
        null,
        1,
        0,
        null,
        0,
        null,
        null,
        1,
        null,
        1,
        0,
        null,
        null,
        1,
        0,
        null,
        null,
        null
      ],
      "/Users/chad/Projects/uruut-dev/app/controllers/project_sponsor_controller.rb": [
        1,
        null
      ],
      "/Users/chad/Projects/uruut-dev/app/models/project_sponsor.rb": [
        1,
        null,
        null,
        1,
        null,
        null,
        1,
        null,
        1,
        1,
        1,
        null,
        1,
        1,
        1,
        null,
        60,
        1,
        1,
        1,
        1,
        null,
        1,
        0,
        0,
        0,
        0,
        0,
        0,
        null,
        null,
        0,
        0,
        0,
        null,
        null,
        null
      ],
      "/Users/chad/Projects/uruut-dev/app/controllers/projects_controller.rb": [
        1,
        1,
        1,
        1,
        null,
        1,
        1,
        1,
        1,
        1,
        1,
        null,
        1,
        null,
        1,
        0,
        null,
        null,
        1,
        1,
        1,
        1,
        null,
        null,
        null,
        null,
        1,
        null,
        null,
        1,
        0,
        null,
        null,
        1,
        0,
        null,
        null,
        1,
        1,
        1,
        1,
        2,
        1,
        null,
        0,
        null,
        null,
        null,
        null,
        1,
        9,
        2,
        1,
        1,
        1,
        1,
        1,
        null,
        0,
        null,
        null,
        null,
        2,
        1,
        1,
        1,
        1,
        1,
        null,
        0,
        null,
        null,
        null,
        2,
        0,
        0,
        0,
        0,
        0,
        null,
        0,
        null,
        null,
        null,
        7,
        8,
        7,
        7,
        7,
        7,
        7,
        7,
        null,
        null,
        null,
        null,
        1,
        3,
        null,
        3,
        3,
        3,
        10,
        3,
        3,
        3,
        null,
        null,
        1,
        0,
        0,
        null,
        null,
        1,
        4,
        4,
        12,
        12,
        30,
        24,
        null,
        6,
        null,
        30,
        30,
        12,
        null,
        10,
        null,
        8,
        null,
        0,
        0,
        null,
        0,
        null,
        null,
        null,
        30,
        24,
        null,
        null,
        null,
        null,
        null,
        null,
        12,
        null,
        null,
        4,
        null,
        16,
        4,
        4,
        4,
        4,
        null,
        null,
        null,
        null,
        4,
        1,
        null,
        null,
        4,
        null,
        4,
        1,
        null,
        1,
        null,
        0,
        2,
        2,
        null,
        null,
        4,
        2,
        2,
        null,
        4,
        4,
        4,
        4,
        0,
        0,
        0,
        null,
        null,
        4,
        4,
        2,
        3,
        2,
        4,
        null,
        null,
        2,
        4,
        null,
        null,
        null,
        null,
        null,
        1,
        3,
        null,
        1,
        null,
        1,
        null,
        1,
        null,
        null,
        3,
        6,
        null,
        null,
        null,
        1,
        1,
        1,
        1,
        null,
        null,
        1,
        0,
        0,
        0,
        0,
        0,
        null,
        0,
        null,
        null,
        1,
        0,
        0,
        0,
        null,
        0,
        0,
        0,
        0,
        null,
        0,
        0,
        null,
        0,
        null,
        0,
        null,
        null,
        1,
        0,
        0,
        0,
        null,
        0,
        0,
        null,
        0,
        0,
        0,
        0,
        null,
        0,
        0,
        null,
        null,
        0,
        null,
        null,
        1,
        0,
        0,
        0,
        null,
        0,
        0,
        null,
        0,
        0,
        null,
        null,
        0,
        null,
        null,
        1,
        0,
        null,
        null,
        1,
        0,
        null,
        null,
        1,
        0,
        0,
        0,
        0,
        0,
        0,
        null,
        null,
        null,
        0,
        null,
        0,
        null,
        null,
        null,
        1,
        0,
        0,
        0,
        null,
        null,
        null,
        1,
        0,
        0,
        0,
        0,
        0,
        0,
        0,
        null,
        null,
        null,
        null,
        1,
        0,
        0,
        0,
        null,
        null,
        null,
        null,
        1,
        1,
        1,
        1,
        1,
        1,
        1,
        1,
        2,
        null,
        null,
        null,
        null,
        1,
        0,
        0,
        0,
        null,
        0,
        null,
        null,
        0,
        null,
        null,
        1,
        0,
        0,
        0,
        null,
        null,
        1,
        0,
        0,
        null,
        null,
        1,
        2,
        2,
        1,
        null,
        1,
        2,
        null,
        null,
        null,
        1,
        1,
        null,
        null,
        1,
        0,
        0,
        null,
        null,
        1,
        0,
        0,
        null,
        null,
        1,
        0,
        0,
        null,
        null,
        1,
        null,
        1,
        26,
        10,
        null,
        16,
        null,
        null,
        null,
        1,
        0,
        0,
        0,
        null,
        null,
        1,
        1,
        null,
        null,
        1,
        13,
        13,
        13,
        0,
        0,
        null,
        null,
        null,
        null,
        null
      ],
      "/Users/chad/Projects/uruut-dev/app/controllers/question_controller.rb": [
        1,
        1,
        0,
        0,
        0,
        0,
        null,
        0,
        0,
        0,
        0,
        0,
        null,
        0,
        null,
        null,
        null
      ],
      "/Users/chad/Projects/uruut-dev/app/models/question.rb": [
        1,
        1,
        1,
        null,
        1,
        null
      ],
      "/Users/chad/Projects/uruut-dev/app/controllers/registrations_controller.rb": [
        1,
        null,
        1,
        null,
        1,
        0,
        null,
        0,
        null,
        0,
        0,
        0,
        0,
        null,
        0,
        null,
        null,
        1,
        0,
        null,
        null,
        1,
        0,
        null,
        0,
        0,
        0,
        0,
        0,
        0,
        0,
        0,
        null,
        0,
        0,
        0,
        null,
        null,
        0,
        0,
        null,
        null,
        null,
        1,
        0,
        0,
        0,
        null,
        0,
        0,
        0,
        null,
        null,
        0,
        null,
        null,
        null,
        0,
        0,
        null,
        null,
        0,
        0,
        null,
        null,
        null,
        1,
        0,
        null,
        null,
        1,
        null,
        0,
        0,
        0,
        0,
        0,
        0,
        null,
        0,
        null,
        null,
        null,
        null,
        null,
        1,
        null,
        1,
        0,
        0,
        0,
        0,
        null,
        0,
        null,
        null,
        null,
        null
      ],
      "/Users/chad/Projects/uruut-dev/app/controllers/sponsors/dashboard_controller.rb": [
        1,
        1,
        1,
        null,
        null
      ],
      "/Users/chad/Projects/uruut-dev/app/controllers/sponsors/registrations_controller.rb": [
        1,
        1,
        null,
        0,
        0,
        0,
        null,
        null,
        0,
        0,
        null,
        0,
        0,
        null,
        0,
        null,
        null,
        null
      ],
      "/Users/chad/Projects/uruut-dev/app/controllers/sponsors_controller.rb": [
        1,
        null,
        1,
        1,
        null,
        1,
        2,
        2,
        2,
        2,
        2,
        null,
        16,
        2,
        2,
        2,
        null,
        0,
        0,
        0,
        0,
        null,
        0,
        0,
        0,
        0,
        null,
        0,
        0,
        0,
        0,
        null,
        0,
        null,
        0,
        null,
        0,
        0,
        null,
        0,
        0,
        null,
        16,
        2,
        null,
        null,
        1,
        0,
        0,
        0,
        0,
        0,
        0,
        null,
        0,
        0,
        0,
        0,
        null,
        0,
        0,
        0,
        0,
        null,
        0,
        0,
        0,
        0,
        null,
        0,
        0,
        0,
        0,
        null,
        0,
        null,
        0,
        null,
        0,
        null,
        null,
        1,
        0,
        0,
        0,
        0,
        0,
        0,
        0,
        null,
        0,
        0,
        0,
        0,
        0,
        null,
        0,
        null,
        null,
        1,
        null,
        1,
        1,
        1,
        1,
        null,
        1,
        1,
        null,
        0,
        null,
        null,
        0,
        0,
        null,
        0,
        null,
        null,
        0,
        0,
        null,
        0,
        null,
        null,
        0,
        null,
        null,
        null,
        1,
        0,
        0,
        0,
        null,
        0,
        null,
        0,
        0,
        null,
        0,
        0,
        null,
        0,
        0,
        null,
        0,
        0,
        0,
        null,
        0,
        null,
        null,
        null,
        0,
        null,
        null,
        1,
        1,
        1,
        1,
        1,
        1,
        null,
        null,
        1,
        1,
        1,
        1,
        1,
        null,
        null,
        1,
        1,
        null,
        1,
        1,
        null,
        0,
        0,
        null,
        0,
        0,
        null,
        0,
        0,
        null,
        0,
        null,
        0,
        null,
        1,
        null,
        null,
        1,
        0,
        0,
        0,
        0,
        0,
        null,
        null,
        1,
        0,
        0,
        null,
        null,
        1,
        null,
        1,
        3,
        3,
        3,
        3,
        3,
        3,
        3,
        3,
        3,
        null,
        null,
        1,
        1,
        1,
        1,
        1,
        1,
        null,
        1,
        1,
        1,
        1,
        1,
        1,
        1,
        1,
        1,
        1,
        1,
        1,
        null,
        null,
        1,
        1,
        1,
        1,
        null,
        null,
        1,
        0,
        null,
        null
      ],
      "/Users/chad/Projects/uruut-dev/app/models/sponsor.rb": [
        1,
        null,
        1,
        null,
        1,
        null,
        null,
        null,
        null,
        null,
        1,
        null,
        1,
        null,
        1,
        1,
        null,
        1,
        1,
        null,
        1,
        0,
        null,
        null,
        1,
        0,
        null,
        null,
        1,
        0,
        null,
        null,
        1,
        0,
        null,
        null,
        1,
        2,
        null,
        2,
        null,
        0,
        null,
        0,
        null,
        0,
        0,
        null,
        0,
        null,
        null,
        2,
        null,
        null,
        1,
        1,
        1,
        1,
        1,
        1,
        1,
        null,
        null,
        0,
        null,
        0,
        null,
        null,
        1,
        0,
        0,
        0,
        0,
        null,
        0,
        null,
        null,
        null,
        null,
        0,
        null,
        null,
        null,
        null,
        null,
        null,
        null,
        0,
        null,
        0,
        null,
        null,
        1,
        0,
        null,
        0,
        0,
        0,
        null,
        0,
        0,
        null,
        0,
        0,
        0,
        null,
        0,
        0,
        0,
        null,
        0,
        null,
        0,
        0,
        0,
        null,
        null,
        null,
        0,
        null,
        0,
        0,
        null,
        0,
        0,
        null,
        0,
        0,
        null,
        0,
        null,
        null,
        null,
        0,
        null,
        null,
        null,
        null
      ],
      "/Users/chad/Projects/uruut-dev/app/controllers/subscriptions_controller.rb": [
        1,
        null,
        1,
        null,
        null,
        null,
        1,
        null,
        null,
        null,
        null
      ],
      "/Users/chad/Projects/uruut-dev/app/controllers/transparency_workroom_controller.rb": [
        1,
        1,
        1,
        null,
        1,
        0,
        0,
        0,
        0,
        0,
        null,
        null,
        1,
        0,
        0,
        0,
        0,
        0,
        null,
        null
      ],
      "/Users/chad/Projects/uruut-dev/app/controllers/users/omniauth_callbacks_controller.rb": [
        1,
        null,
        1,
        null,
        0,
        0,
        null,
        0,
        0,
        null,
        0,
        0,
        null,
        null,
        null,
        1,
        null,
        0,
        null,
        0,
        0,
        0,
        null,
        0,
        0,
        0,
        null,
        null,
        null,
        1,
        null,
        0,
        null,
        0,
        0,
        0,
        null,
        0,
        null,
        null,
        null,
        null,
        1,
        null,
        1,
        null,
        0,
        0,
        0,
        0,
        0,
        0,
        0,
        null,
        0,
        null,
        null,
        null,
        null
      ],
      "/Users/chad/Projects/uruut-dev/app/controllers/users/passwords_controller.rb": [
        1,
        1,
        null,
        1,
        null,
        null,
        1,
        0,
        null,
        null,
        null,
        1,
        0,
        null,
        0,
        null,
        0,
        0,
        0,
        null,
        null,
        0,
        null,
        null,
        null,
        null,
        1,
        0,
        0,
        null,
        null,
        null,
        1,
        0,
        null,
        0,
        0,
        0,
        0,
        0,
        0,
        null,
        0,
        null,
        null,
        null,
        1,
        1,
        0,
        null,
        null,
        null,
        1,
        0,
        null,
        null,
        null,
        1,
        0,
        0,
        0,
        null,
        null,
        null,
        null,
        null,
        1,
        null,
        0,
        null,
        null,
        null
      ],
      "/Users/chad/Projects/uruut-dev/app/controllers/users/sessions_controller.rb": [
        1,
        1,
        1,
        null,
        null,
        null,
        1,
        0,
        0,
        0,
        0,
        0,
        null,
        null,
        null,
        null,
        null,
        null,
        1,
        0,
        0,
        0,
        null,
        null,
        null,
        null,
        null,
        null,
        null,
        null,
        0,
        0,
        null,
        0,
        null,
        null,
        null,
        null,
        null,
        1,
        0,
        0,
        0,
        null,
        null,
        null,
        0,
        0,
        0,
        0,
        null,
        null,
        null,
        null,
        1,
        null,
        1,
        0,
        0,
        0,
        0,
        null,
        null,
        1,
        0,
        null,
        null
      ],
      "/Users/chad/Projects/uruut-dev/app/controllers/users_controller.rb": [
        1,
        1,
        1,
        1,
        null,
        1,
        2,
        2,
        null,
        null,
        null,
        null,
        null,
        null,
        null,
        2,
        2,
        2,
        2,
        null,
        null,
        null,
        null,
        1,
        0,
        null,
        null,
        0,
        0,
        0,
        0,
        null,
        0,
        0,
        null,
        null,
        null,
        null,
        1,
        0,
        0,
        0,
        null,
        null,
        1,
        null,
        1,
        2,
        0,
        0,
        null,
        null,
        null
      ],
      "/Users/chad/Projects/uruut-dev/app/mailers/contact_mailer.rb": [
        1,
        1,
        null,
        null,
        null,
        null,
        null,
        null,
        null,
        null,
        1,
        0,
        0,
        0,
        0,
        0,
        null,
        null
      ],
      "/Users/chad/Projects/uruut-dev/app/mailers/demo_request_mailer.rb": [
        1,
        1,
        1,
        null,
        1,
        0,
        null,
        0,
        null,
        null
      ],
      "/Users/chad/Projects/uruut-dev/app/mailers/donation_mailer.rb": [
        1,
        1,
        1,
        null,
        null,
        null,
        null,
        null,
        null,
        null,
        1,
        0,
        0,
        0,
        0,
        0,
        0,
        0,
        null,
        0,
        null,
        null,
        1,
        0,
        0,
        0,
        null,
        0,
        0,
        0,
        0,
        0,
        0,
        0,
        0,
        0,
        0,
        0,
        0,
        0,
        null,
        0,
        null,
        null,
        1,
        0,
        null,
        0,
        null,
        null,
        null
      ],
      "/Users/chad/Projects/uruut-dev/app/mailers/milestone_mailer.rb": [
        1,
        1,
        1,
        null,
        1,
        0,
        0,
        0,
        0,
        null,
        0,
        null,
        null
      ],
      "/Users/chad/Projects/uruut-dev/app/mailers/newsletter_mailer.rb": [
        1,
        1,
        1,
        null,
        1,
        0,
        null,
        0,
        null,
        null
      ],
      "/Users/chad/Projects/uruut-dev/app/mailers/project_mailer.rb": [
        1,
        1,
        1,
        null,
        null,
        null,
        null,
        null,
        null,
        1,
        0,
        0,
        null,
        0,
        0,
        0,
        0,
        0,
        0,
        null,
        0,
        null,
        null,
        1,
        0,
        0,
        0,
        0,
        null,
        null,
        1,
        0,
        0,
        0,
        0,
        0,
        0,
        0,
        0,
        null,
        null
      ],
      "/Users/chad/Projects/uruut-dev/app/mailers/question_mailer.rb": [
        1,
        1,
        null,
        1,
        0,
        0,
        0,
        0,
        0,
        0,
        null,
        null
      ],
      "/Users/chad/Projects/uruut-dev/app/mailers/sponsor_mailer.rb": [
        1,
        1,
        1,
        1,
        1,
        null,
        1,
        null,
        null,
        null,
        null,
        null,
        null,
        1,
        0,
        0,
        0,
        0,
        0,
        0,
        0,
        null,
        0,
        null,
        null,
        1,
        0,
        0,
        0,
        0,
        null,
        0,
        0,
        0,
        0,
        0,
        0,
        0,
        0,
        0,
        0,
        null,
        0,
        0,
        null,
        0,
        0,
        0,
        0,
        null,
        0,
        null,
        null,
        1,
        0,
        0,
        0,
        null,
        0,
        0,
        0,
        0,
        0,
        0,
        0,
        0,
        0,
        0,
        null,
        0,
        null,
        null,
        1,
        0,
        null,
        0,
        null,
        null,
        null
      ],
      "/Users/chad/Projects/uruut-dev/app/mailers/transparency_workroom_mailer.rb": [
        1,
        1,
        1,
        null,
        1,
        0,
        0,
        0,
        0,
        null,
        null
      ],
      "/Users/chad/Projects/uruut-dev/app/mailers/welcome_mailer.rb": [
        1,
        1,
        1,
        null,
        null,
        null,
        null,
        null,
        null,
        1,
        0,
        null,
        0,
        0,
        0,
        0,
        0,
        null,
        null,
        null,
        1,
        0,
        null,
        0,
        0,
        0,
        0,
        0,
        null,
        null,
        null
      ],
      "/Users/chad/Projects/uruut-dev/app/models/ability.rb": [
        1,
        1,
        null,
        1,
        0,
        0,
        0,
        null,
        0,
        0,
        0,
        null,
        0,
        0,
        null,
        null,
        null
      ],
      "/Users/chad/Projects/uruut-dev/app/models/account.rb": [
        1,
        1,
        null
      ],
      "/Users/chad/Projects/uruut-dev/app/models/contact.rb": [
        1,
        1,
        1,
        1,
        null
      ],
      "/Users/chad/Projects/uruut-dev/app/models/credit_card.rb": [
        1,
        1,
        1,
        1,
        null,
        1,
        null,
        null,
        1,
        null,
        null,
        1,
        null,
        1,
        0,
        0,
        0,
        0,
        0,
        0,
        0,
        0,
        0,
        null,
        null,
        1,
        null,
        null,
        null,
        null,
        null,
        null,
        null,
        null,
        null,
        null,
        0,
        null,
        null,
        1,
        0,
        null,
        null,
        1,
        null,
        1,
        0,
        0,
        null,
        null,
        null
      ],
      "/Users/chad/Projects/uruut-dev/app/models/feature.rb": [
        1,
        null,
        1,
        1,
        null,
        1,
        null
      ],
      "/Users/chad/Projects/uruut-dev/app/models/merit/rank_rules.rb": [
        null,
        null,
        null,
        null,
        null,
        null,
        null,
        null,
        null,
        null,
        null,
        null,
        1,
        1,
        1,
        null,
        1,
        null,
        null,
        null,
        null,
        null,
        null,
        null,
        null,
        null,
        null,
        null,
        null,
        null,
        null
      ],
      "/Users/chad/Projects/uruut-dev/app/models/message.rb": [
        1,
        1,
        1,
        null
      ],
      "/Users/chad/Projects/uruut-dev/app/models/milestoneemail.rb": [
        1,
        1,
        1,
        null,
        1,
        0,
        null,
        null
      ],
      "/Users/chad/Projects/uruut-dev/app/models/perk.rb": [
        1,
        1,
        1,
        null,
        1,
        3,
        null,
        0,
        null,
        0,
        null,
        0,
        null,
        0,
        null,
        0,
        null,
        3,
        null,
        3,
        null,
        null
      ],
      "/Users/chad/Projects/uruut-dev/app/models/plan.rb": [
        1,
        1,
        1,
        1,
        null,
        1,
        null,
        1,
        7,
        null,
        null
      ],
      "/Users/chad/Projects/uruut-dev/app/models/plan_feature.rb": [
        1,
        1,
        1,
        null
      ],
      "/Users/chad/Projects/uruut-dev/app/models/project_update.rb": [
        1,
        1,
        1,
        1,
        null
      ],
      "/Users/chad/Projects/uruut-dev/app/models/sponsorship_benefit.rb": [
        1,
        1,
        null,
        1,
        null,
        1,
        null,
        null,
        null,
        null,
        null,
        null,
        null,
        null,
        null,
        null,
        null,
        null,
        null,
        1,
        1,
        null
      ],
      "/Users/chad/Projects/uruut-dev/app/models/sponsorship_level.rb": [
        1,
        1,
        null,
        1,
        1,
        null
      ],
      "/Users/chad/Projects/uruut-dev/app/models/tax_report.rb": [
        1,
        1,
        null,
        null,
        null,
        1,
        1,
        null
      ],
      "/Users/chad/Projects/uruut-dev/app/services/gateway/base_service.rb": [
        1,
        null,
        1,
        null,
        1,
        null,
        1,
        0,
        null,
        null,
        1,
        0,
        null,
        0,
        null,
        null,
        1,
        0,
        null,
        0,
        null,
        null,
        null
      ],
      "/Users/chad/Projects/uruut-dev/app/services/gateway/cards_service.rb": [
        1,
        null,
        1,
        null,
        1,
        0,
        null,
        0,
        null,
        null,
        null,
        0,
        0,
        null,
        0,
        0,
        null,
        null,
        null
      ],
      "/Users/chad/Projects/uruut-dev/app/services/gateway/customer_service.rb": [
        1,
        null,
        1,
        null,
        1,
        0,
        null,
        0,
        null,
        0,
        0,
        null,
        null,
        null
      ],
      "/Users/chad/Projects/uruut-dev/app/services/gateway/plans_service.rb": [
        1,
        null,
        1,
        null,
        1,
        0,
        0,
        0,
        null,
        null,
        1,
        0,
        0,
        0,
        null,
        null,
        0,
        0,
        null,
        null,
        1,
        null,
        1,
        0,
        0,
        null,
        0,
        null,
        0,
        null,
        0,
        0,
        0,
        0,
        null,
        0,
        null,
        null,
        null,
        1,
        0,
        null,
        0,
        null,
        null,
        null,
        1,
        0,
        null,
        null
      ],
      "/Users/chad/Projects/uruut-dev/app/services/subscription_service.rb": [
        1,
        null,
        1,
        null,
        1,
        0,
        null,
        null,
        1,
        null,
        null,
        1,
        null,
        null,
        null
      ],
      "/Users/chad/Projects/uruut-dev/app/services/worksheet/base.rb": [
        1,
        null,
        1,
        0,
        0,
        0,
        null,
        null,
        1,
        0,
        null,
        0,
        0,
        0,
        0,
        null,
        null,
        null,
        null,
        1,
        1,
        null,
        1,
        0,
        0,
        null,
        null,
        null,
        1,
        0,
        null,
        null,
        null
      ],
      "/Users/chad/Projects/uruut-dev/app/services/worksheet/donors.rb": [
        1,
        null,
        1,
        0,
        0,
        null,
        null,
        1,
        1,
        null,
        1,
        null,
        null,
        null,
        null,
        null,
        null,
        0,
        null,
        null,
        1,
        0,
        null,
        null,
        1,
        0,
        null,
        null
      ],
      "/Users/chad/Projects/uruut-dev/app/services/worksheet/sponsors.rb": [
        1,
        null,
        1,
        0,
        0,
        null,
        null,
        1,
        1,
        null,
        1,
        0,
        null,
        null,
        null,
        null,
        null,
        null,
        null,
        0,
        null,
        null,
        1,
        0,
        null,
        null,
        1,
        0,
        null,
        null,
        1,
        0,
        null,
        null
      ],
      "/Users/chad/Projects/uruut-dev/app/services/xls_service.rb": [
        1,
        null,
        1,
        0,
        0,
        null,
        null,
        1,
        0,
        0,
        null,
        0,
        null,
        0,
        null,
        null,
        1,
        0,
        null,
        null,
        1,
        null,
        1,
        null,
        1,
        0,
        null,
        null,
        1,
        0,
        null,
        null,
        null
      ],
      "/Users/chad/Projects/uruut-dev/app/workers/second_test.rb": [
        1,
        1,
        null,
        1,
        0,
        null,
        null,
        1,
        0,
        null,
        null
      ]
    },
    "timestamp": 1396151913
  }
}
